<?xml version="1.0" encoding="UTF-8"?>
<testng-results skipped="0" failed="0" total="1" passed="1">
  <reporter-output>
  </reporter-output>
  <suite name="Suite1" duration-ms="39" started-at="2015-02-25T19:01:40Z" finished-at="2015-02-25T19:01:40Z">
    <groups>
    </groups>
    <test name="Nopackage" duration-ms="39" started-at="2015-02-25T19:01:40Z" finished-at="2015-02-25T19:01:40Z">
      <class name="org.seleniumqa.lesson_3.Sum">
        <test-method status="PASS" signature="valid_Sum()[pri:0, instance:org.seleniumqa.lesson_3.Sum@483bf400]" name="valid_Sum" duration-ms="14" started-at="2015-02-25T21:01:40Z" finished-at="2015-02-25T21:01:40Z">
          <reporter-output>
          </reporter-output>
        </test-method> <!-- valid_Sum -->
      </class> <!-- org.seleniumqa.lesson_3.Sum -->
    </test> <!-- Nopackage -->
  </suite> <!-- Suite1 -->
</testng-results>
