<?xml version="1.0" encoding="UTF-8"?>
<testng-results skipped="0" failed="0" total="1" passed="1">
  <reporter-output>
  </reporter-output>
  <suite name="Suite1" duration-ms="7548" started-at="2015-03-04T18:52:35Z" finished-at="2015-03-04T18:52:42Z">
    <groups>
    </groups>
    <test name="Nopackage" duration-ms="7548" started-at="2015-03-04T18:52:35Z" finished-at="2015-03-04T18:52:42Z">
      <class name="org.seleniumqa.lesson_6.StylusSearchTest">
        <test-method status="PASS" signature="setUp()[pri:0, instance:org.seleniumqa.lesson_6.StylusSearchTest@74e28667]" name="setUp" is-config="true" duration-ms="4504" started-at="2015-03-04T20:52:35Z" finished-at="2015-03-04T20:52:39Z">
          <reporter-output>
          </reporter-output>
        </test-method> <!-- setUp -->
        <test-method status="PASS" signature="searchTest()[pri:0, instance:org.seleniumqa.lesson_6.StylusSearchTest@74e28667]" name="searchTest" duration-ms="2815" started-at="2015-03-04T20:52:39Z" finished-at="2015-03-04T20:52:42Z">
          <reporter-output>
          </reporter-output>
        </test-method> <!-- searchTest -->
        <test-method status="PASS" signature="tearDown()[pri:0, instance:org.seleniumqa.lesson_6.StylusSearchTest@74e28667]" name="tearDown" is-config="true" duration-ms="211" started-at="2015-03-04T20:52:42Z" finished-at="2015-03-04T20:52:42Z">
          <reporter-output>
          </reporter-output>
        </test-method> <!-- tearDown -->
      </class> <!-- org.seleniumqa.lesson_6.StylusSearchTest -->
    </test> <!-- Nopackage -->
  </suite> <!-- Suite1 -->
</testng-results>
